2020-08-09T22:54:43.260Z [my-bank-api] info: MY-BANK-API ONLINE
2020-08-09T22:55:05.513Z [my-bank-api] info: MY-BANK-API ONLINE
2020-08-09T22:56:06.193Z [my-bank-api] info: MY-BANK-API ONLINE
2020-08-09T22:56:32.130Z [my-bank-api] info: MY-BANK-API ONLINE
2020-08-09T22:58:45.296Z [my-bank-api] info: MY-BANK-API ONLINE
2020-08-09T22:59:10.929Z [my-bank-api] info: MY-BANK-API ONLINE
2020-08-09T22:59:25.990Z [my-bank-api] error: GET undefined: ENOENT: no such file or directory, open 'D:\estudos\bootcampfullstack\Modulo_02\my-bank_api\json\accounts.json'
2020-08-09T23:00:07.014Z [my-bank-api] info: MY-BANK-API ONLINE
2020-08-09T23:00:18.118Z [my-bank-api] error: GET undefined: ENOENT: no such file or directory, open 'D:\estudos\bootcampfullstack\Modulo_02\my-bank_api\json\accounts.json'
2020-08-09T23:01:38.057Z [my-bank-api] error: GET /account: ENOENT: no such file or directory, open 'D:\estudos\bootcampfullstack\Modulo_02\my-bank_api\json\accounts.json'
2020-08-09T23:02:10.729Z [my-bank-api] error: GET /account: ENOENT: no such file or directory, open 'D:\estudos\bootcampfullstack\Modulo_02\my-bank_api\json\accounts.json'
2020-08-09T23:04:41.698Z [my-bank-api] info: MY-BANK-API ONLINE
2020-08-09T23:04:47.568Z [my-bank-api] info: POST /account: {"id":9,"name":"Cassiel Adriano Ongaro Ament","balance":150}
2020-08-09T23:05:37.595Z [my-bank-api] info: MY-BANK-API ONLINE
2020-08-09T23:06:35.307Z [my-bank-api] info: MY-BANK-API ONLINE
2020-08-09T23:07:17.416Z [my-bank-api] info: MY-BANK-API ONLINE
2020-08-09T23:07:30.948Z [my-bank-api] info: POST /account: {"id":10,"name":"Antonio Batista Ament","balance":150}
2020-08-09T23:07:47.885Z [my-bank-api] info: PUT /account: {"id":10,"name":"Antonio Batista Ament","balance":650.55}
2020-08-09T23:08:02.886Z [my-bank-api] info: PATCH /account: {"id":10,"name":"Antonio Batista Ament","balance":1650.55}
2020-08-09T23:08:19.397Z [my-bank-api] info: GET /account
2020-08-09T23:08:29.485Z [my-bank-api] info: GET /account
2020-08-09T23:08:44.164Z [my-bank-api] info: GET /account
2020-08-09T23:08:59.740Z [my-bank-api] info: GET /account
2020-08-09T23:09:49.762Z [my-bank-api] info: DELETE /account - ID: 4
2020-08-09T23:14:21.444Z [my-bank-api] info: MY-BANK-API ONLINE
2020-08-09T23:14:38.961Z [my-bank-api] error: POST /account: Name e balance s達o obrigatorios
2020-08-09T23:14:46.671Z [my-bank-api] error: POST /account: Name e balance s達o obrigatorios
2020-08-09T23:15:55.710Z [my-bank-api] info: MY-BANK-API ONLINE
2020-08-09T23:16:02.497Z [my-bank-api] info: POST /account: {"id":11,"name":"Antonio Batista Ament","balance":0}
2020-08-09T23:16:15.725Z [my-bank-api] error: POST /account: Name e balance s達o obrigatorios
2020-08-09T23:17:37.344Z [my-bank-api] info: MY-BANK-API ONLINE
2020-08-09T23:18:06.010Z [my-bank-api] info: POST /account: {"id":12,"name":"Antonio Batista Ament","balance":0}
2020-08-09T23:19:03.026Z [my-bank-api] info: MY-BANK-API ONLINE
2020-08-09T23:19:05.886Z [my-bank-api] info: MY-BANK-API ONLINE
2020-08-09T23:19:56.514Z [my-bank-api] info: MY-BANK-API ONLINE
2020-08-09T23:20:05.003Z [my-bank-api] error: PUT /account: Cannot set headers after they are sent to the client
2020-08-09T23:20:17.525Z [my-bank-api] info: MY-BANK-API ONLINE
2020-08-09T23:20:25.843Z [my-bank-api] error: PUT /account: Cannot set headers after they are sent to the client
2020-08-09T23:21:03.056Z [my-bank-api] info: MY-BANK-API ONLINE
2020-08-09T23:21:17.706Z [my-bank-api] info: MY-BANK-API ONLINE
2020-08-09T23:21:19.215Z [my-bank-api] error: PUT /account: id, balance s達o obrigatorios
2020-08-09T23:22:27.191Z [my-bank-api] info: PUT /account: {"id":10,"name":"Antonio Batista Ament","balance":1500}
2020-08-09T23:25:18.418Z [my-bank-api] info: MY-BANK-API ONLINE
2020-08-09T23:25:29.825Z [my-bank-api] info: MY-BANK-API ONLINE
2020-08-09T23:32:30.020Z [my-bank-api] info: MY-BANK-API ONLINE
2020-08-09T23:33:08.300Z [my-bank-api] info: GET /account
2020-08-09T23:34:02.143Z [my-bank-api] info: GET /account
2020-08-09T23:34:12.104Z [my-bank-api] info: GET /account
2020-08-09T23:34:59.408Z [my-bank-api] info: GET /account
2020-08-09T23:38:32.101Z [my-bank-api] info: GET /account
2020-08-09T23:38:32.613Z [my-bank-api] info: GET /account
2020-08-09T23:39:10.107Z [my-bank-api] info: GET /account
2020-08-09T23:39:11.067Z [my-bank-api] info: MY-BANK-API ONLINE
2020-08-09T23:39:11.105Z [my-bank-api] info: GET /account
2020-08-09T23:39:42.153Z [my-bank-api] info: MY-BANK-API ONLINE
2020-08-09T23:39:42.263Z [my-bank-api] info: GET /account
2020-08-09T23:40:10.613Z [my-bank-api] info: MY-BANK-API ONLINE
2020-08-09T23:40:10.691Z [my-bank-api] info: GET /account
2020-08-09T23:40:20.279Z [my-bank-api] info: GET /account
2020-08-09T23:40:45.801Z [my-bank-api] info: MY-BANK-API ONLINE
2020-08-09T23:40:45.890Z [my-bank-api] info: GET /account
2020-08-09T23:40:49.422Z [my-bank-api] info: MY-BANK-API ONLINE
2020-08-09T23:40:49.574Z [my-bank-api] info: GET /account
2020-08-09T23:40:55.486Z [my-bank-api] info: MY-BANK-API ONLINE
2020-08-09T23:40:55.642Z [my-bank-api] info: GET /account
2020-08-10T00:05:43.735Z [my-bank-api] info: MY-BANK-API ONLINE
2020-08-10T00:08:32.396Z [my-bank-api] info: MY-BANK-API ONLINE
2020-08-10T00:14:56.113Z [my-bank-api] info: MY-BANK-API ONLINE
2020-08-10T00:15:29.604Z [my-bank-api] info: MY-BANK-API ONLINE
